Loading svelte-check in workspace: /home/than/Project/Personal Project/website/zenspace
Getting Svelte diagnostics...

/home/than/Project/Personal Project/website/zenspace/src/lib/components/UtilityCard.svelte:6:8
Error: Property 'title' does not exist on type 'String'. (js)
	/** @type {string} */
	let { title, description, icon, href, size = 'default' } = $props();

/home/than/Project/Personal Project/website/zenspace/src/lib/components/UtilityCard.svelte:6:15
Error: Property 'description' does not exist on type 'String'. (js)
	/** @type {string} */
	let { title, description, icon, href, size = 'default' } = $props();

/home/than/Project/Personal Project/website/zenspace/src/lib/components/UtilityCard.svelte:6:28
Error: Property 'icon' does not exist on type 'String'. (js)
	/** @type {string} */
	let { title, description, icon, href, size = 'default' } = $props();

/home/than/Project/Personal Project/website/zenspace/src/lib/components/UtilityCard.svelte:6:34
Error: Property 'href' does not exist on type 'String'. (js)
	/** @type {string} */
	let { title, description, icon, href, size = 'default' } = $props();

/home/than/Project/Personal Project/website/zenspace/src/lib/components/UtilityCard.svelte:6:40
Error: Property 'size' does not exist on type 'String'. (js)
	/** @type {string} */
	let { title, description, icon, href, size = 'default' } = $props();

/home/than/Project/Personal Project/website/zenspace/src/lib/components/UtilityCard.svelte:16:20
Error: Element implicitly has an 'any' type because expression of type 'string' can't be used to index type 'typeof import("/home/than/Project/Personal Project/website/zenspace/node_modules/@lucide/svelte/dist/lucide-svelte")'.
  No index signature with a parameter of type 'string' was found on type 'typeof import("/home/than/Project/Personal Project/website/zenspace/node_modules/@lucide/svelte/dist/lucide-svelte")'. (js)
	function getIconNode(name) /* @type {any} */ {
		const iconData = icons[name];
		// Each icon export is [name, iconNode] or a Svelte component.

/home/than/Project/Personal Project/website/zenspace/src/lib/components/UtilityCard.svelte:48:33
Error: Element implicitly has an 'any' type because expression of type 'any' can't be used to index type 'typeof import("/home/than/Project/Personal Project/website/zenspace/node_modules/@lucide/svelte/dist/lucide-svelte")'. (js)

	const IconComponent = $derived(icons[icon]);
</script>

/home/than/Project/Personal Project/website/zenspace/src/lib/components/UtilityCard.svelte:53:23
Error: Element implicitly has an 'any' type because expression of type 'any' can't be used to index type '{ default: string; wide: string; tall: string; large: string; }'. (js)
	{href}
	class="utility-card {sizeClass[size] || ''}"
	onmousemove={handleMouseMove}

/home/than/Project/Personal Project/website/zenspace/src/lib/components/QuickNotes.svelte:13:23
Error: Parameter 'e' implicitly has an 'any' type. (js)

	function handleInput(e) /* @type {any} */ {
		notesValue = e.target.value;

/home/than/Project/Personal Project/website/zenspace/src/lib/components/CommandPalette.svelte:11:6
Warn: `inputEl` is updated, but is not declared with `$state(...)`. Changing its value will not correctly trigger updates
https://svelte.dev/e/non_reactive_update (svelte)
	/** @type {HTMLInputElement|undefined} */
	let inputEl;

/home/than/Project/Personal Project/website/zenspace/src/lib/components/CommandPalette.svelte:87:26
Error: Element implicitly has an 'any' type because expression of type 'string' can't be used to index type 'typeof import("/home/than/Project/Personal Project/website/zenspace/node_modules/@lucide/svelte/dist/lucide-svelte")'.
  No index signature with a parameter of type 'string' was found on type 'typeof import("/home/than/Project/Personal Project/website/zenspace/node_modules/@lucide/svelte/dist/lucide-svelte")'. (js)
					{#each filtered as item, i}
						{@const IconComp = icons[item.icon]}
						<a

/home/than/Project/Personal Project/website/zenspace/src/lib/components/Sidebar.svelte:29:6
Error: Expected a valid element or component name. Components must have a valid variable name or dot notation expression
https://svelte.dev/e/tag_invalid_name (svelte)
			>
				<iconMap[cat.icon] size={18} />
				{cat.label}

/home/than/Project/Personal Project/website/zenspace/src/lib/components/Sidebar.svelte:29:6
Error: Expected a valid element or component name. Components must have a valid variable name or dot notation expression
https://svelte.dev/e/tag_invalid_name (js)
			>
				<iconMap[cat.icon] size={18} />
				{cat.label}

/home/than/Project/Personal Project/website/zenspace/src/routes/+page.svelte:2:9
Error: Module '"/home/than/Project/Personal Project/website/zenspace/src/lib/components/Sidebar.svelte"' has no default export. (js)
<script>
	import Sidebar from '$lib/components/Sidebar.svelte';
	import Header from '$lib/components/Header.svelte';

/home/than/Project/Personal Project/website/zenspace/src/routes/budget/+page.svelte:29:52
Error: Parameter 't' implicitly has an 'any' type. (js)

    let totalIncome = $derived(transactions.filter(t => t.type === 'income').reduce((s, t) => s + t.amount, 0));
    let totalExpense = $derived(transactions.filter(t => t.type === 'expense').reduce((s, t) => s + t.amount, 0));

/home/than/Project/Personal Project/website/zenspace/src/routes/budget/+page.svelte:29:86
Error: Parameter 's' implicitly has an 'any' type. (js)

    let totalIncome = $derived(transactions.filter(t => t.type === 'income').reduce((s, t) => s + t.amount, 0));
    let totalExpense = $derived(transactions.filter(t => t.type === 'expense').reduce((s, t) => s + t.amount, 0));

/home/than/Project/Personal Project/website/zenspace/src/routes/budget/+page.svelte:29:89
Error: Parameter 't' implicitly has an 'any' type. (js)

    let totalIncome = $derived(transactions.filter(t => t.type === 'income').reduce((s, t) => s + t.amount, 0));
    let totalExpense = $derived(transactions.filter(t => t.type === 'expense').reduce((s, t) => s + t.amount, 0));

/home/than/Project/Personal Project/website/zenspace/src/routes/budget/+page.svelte:30:53
Error: Parameter 't' implicitly has an 'any' type. (js)
    let totalIncome = $derived(transactions.filter(t => t.type === 'income').reduce((s, t) => s + t.amount, 0));
    let totalExpense = $derived(transactions.filter(t => t.type === 'expense').reduce((s, t) => s + t.amount, 0));
    let balance = $derived(totalIncome - totalExpense);

/home/than/Project/Personal Project/website/zenspace/src/routes/budget/+page.svelte:30:88
Error: Parameter 's' implicitly has an 'any' type. (js)
    let totalIncome = $derived(transactions.filter(t => t.type === 'income').reduce((s, t) => s + t.amount, 0));
    let totalExpense = $derived(transactions.filter(t => t.type === 'expense').reduce((s, t) => s + t.amount, 0));
    let balance = $derived(totalIncome - totalExpense);

/home/than/Project/Personal Project/website/zenspace/src/routes/budget/+page.svelte:30:91
Error: Parameter 't' implicitly has an 'any' type. (js)
    let totalIncome = $derived(transactions.filter(t => t.type === 'income').reduce((s, t) => s + t.amount, 0));
    let totalExpense = $derived(transactions.filter(t => t.type === 'expense').reduce((s, t) => s + t.amount, 0));
    let balance = $derived(totalIncome - totalExpense);

/home/than/Project/Personal Project/website/zenspace/src/routes/budget/+page.svelte:35:29
Error: Parameter 't' implicitly has an 'any' type. (js)
        const map = {};
        transactions.filter(t => t.type === 'expense').forEach(t => {
            map[t.category] = (map[t.category] || 0) + t.amount;

/home/than/Project/Personal Project/website/zenspace/src/routes/budget/+page.svelte:35:64
Error: Parameter 't' implicitly has an 'any' type. (js)
        const map = {};
        transactions.filter(t => t.type === 'expense').forEach(t => {
            map[t.category] = (map[t.category] || 0) + t.amount;

/home/than/Project/Personal Project/website/zenspace/src/routes/budget/+page.svelte:36:13
Error: Element implicitly has an 'any' type because expression of type 'any' can't be used to index type '{}'. (js)
        transactions.filter(t => t.type === 'expense').forEach(t => {
            map[t.category] = (map[t.category] || 0) + t.amount;
        });

/home/than/Project/Personal Project/website/zenspace/src/routes/budget/+page.svelte:36:32
Error: Element implicitly has an 'any' type because expression of type 'any' can't be used to index type '{}'. (js)
        transactions.filter(t => t.type === 'expense').forEach(t => {
            map[t.category] = (map[t.category] || 0) + t.amount;
        });

/home/than/Project/Personal Project/website/zenspace/src/routes/budget/+page.svelte:54:32
Error: Parameter 'id' implicitly has an 'any' type. (js)

    function deleteTransaction(id) /* @type {any} */ {
        transactions = transactions.filter(t => t.id !== id);

/home/than/Project/Personal Project/website/zenspace/src/routes/budget/+page.svelte:55:44
Error: Parameter 't' implicitly has an 'any' type. (js)
    function deleteTransaction(id) /* @type {any} */ {
        transactions = transactions.filter(t => t.id !== id);
        save();

/home/than/Project/Personal Project/website/zenspace/src/routes/budget/+page.svelte:59:29
Error: Parameter 'n' implicitly has an 'any' type. (js)

    function formatCurrency(n) /* @type {any} */ {
        return new Intl.NumberFormat('id-ID', { style: 'currency', currency: 'IDR', minimumFractionDigits: 0 }).format(n);

/home/than/Project/Personal Project/website/zenspace/src/routes/budget/+page.svelte:63:25
Error: Parameter 'iso' implicitly has an 'any' type. (js)

    function formatDate(iso) /* @type {any} */ {
        return new Date(iso).toLocaleDateString('en-US', { month: 'short', day: 'numeric' });

/home/than/Project/Personal Project/website/zenspace/src/routes/budget/+page.svelte:119:98
Error: Element implicitly has an 'any' type because expression of type 'any' can't be used to index type '{ expense: string[]; income: string[]; }'. (js)
                                Type
                                <select bind:value={newTx.type} onchange={() => newTx.category = categories[newTx.type][0]}>
                                    <option value="expense">Expense</option>

/home/than/Project/Personal Project/website/zenspace/src/routes/budget/+page.svelte:127:44
Error: Element implicitly has an 'any' type because expression of type 'any' can't be used to index type '{ expense: string[]; income: string[]; }'. (js)
                                <select bind:value={newTx.category}>
                                    {#each categories[newTx.type] as cat}
                                        <option value={cat}>{cat}</option>

/home/than/Project/Personal Project/website/zenspace/src/routes/budget/+page.svelte:156:69
Error: Element implicitly has an 'any' type because expression of type 'any' can't be used to index type '{ Food: string; Transport: string; Shopping: string; Bills: string; Health: string; Entertainment: string; Salary: string; Freelance: string; Investment: string; Gift: string; Other: string; Income: string; }'. (js)
                        <div class="tx-item" transition:slide|local>
                            <div class="tx-dot" style="background: {CATEGORY_COLORS[tx.category] || '#737373'}"></div>
                            <div class="tx-info">

/home/than/Project/Personal Project/website/zenspace/src/routes/budget/+page.svelte:183:84
Error: Element implicitly has an 'any' type because expression of type 'string' can't be used to index type '{ Food: string; Transport: string; Shopping: string; Bills: string; Health: string; Entertainment: string; Salary: string; Freelance: string; Investment: string; Gift: string; Other: string; Income: string; }'.
  No index signature with a parameter of type 'string' was found on type '{ Food: string; Transport: string; Shopping: string; Bills: string; Health: string; Entertainment: string; Salary: string; Freelance: string; Investment: string; Gift: string; Other: string; Income: string; }'. (js)
                                <div class="breakdown-label">
                                    <div class="breakdown-dot" style="background: {CATEGORY_COLORS[cat] || '#737373'}"></div>
                                    <span>{cat}</span>

/home/than/Project/Personal Project/website/zenspace/src/routes/budget/+page.svelte:188:114
Error: Element implicitly has an 'any' type because expression of type 'string' can't be used to index type '{ Food: string; Transport: string; Shopping: string; Bills: string; Health: string; Entertainment: string; Salary: string; Freelance: string; Investment: string; Gift: string; Other: string; Income: string; }'.
  No index signature with a parameter of type 'string' was found on type '{ Food: string; Transport: string; Shopping: string; Bills: string; Health: string; Entertainment: string; Salary: string; Freelance: string; Investment: string; Gift: string; Other: string; Income: string; }'. (js)
                                    <div class="breakdown-bar"
                                        style="width: {Math.min(100, (amt / totalExpense) * 100)}%; background: {CATEGORY_COLORS[cat] || '#737373'}">
                                    </div>

/home/than/Project/Personal Project/website/zenspace/src/routes/calculator/+page.svelte:134:16
Warn: This reference only captures the initial value of `res`. Did you mean to reference it inside a closure instead?
https://svelte.dev/e/state_referenced_locally (svelte)
        for (let i = 2; i <= n; i++) res *= i;
        return res;
    }

/home/than/Project/Personal Project/website/zenspace/src/routes/calculator/+page.svelte:30:26
Error: Parameter 'value' implicitly has an 'any' type. (js)

    function handleInput(value) /* @type {any} */ {
        if (value === 'c' || value === 'Escape') {

/home/than/Project/Personal Project/website/zenspace/src/routes/calculator/+page.svelte:55:13
Error: Element implicitly has an 'any' type because expression of type 'any' can't be used to index type '{ sin: string; cos: string; tan: string; asin: string; acos: string; atan: string; log: string; ln: string; sqrt: string; pow: string; pi: string; e: string; }'. (js)

        if (scientificMapping[value]) {
            currentExpression += scientificMapping[value];

/home/than/Project/Personal Project/website/zenspace/src/routes/calculator/+page.svelte:56:34
Error: Element implicitly has an 'any' type because expression of type 'any' can't be used to index type '{ sin: string; cos: string; tan: string; asin: string; acos: string; atan: string; log: string; ln: string; sqrt: string; pow: string; pi: string; e: string; }'. (js)
        if (scientificMapping[value]) {
            currentExpression += scientificMapping[value];
            displayValue = currentExpression;

/home/than/Project/Personal Project/website/zenspace/src/routes/calculator/+page.svelte:98:69
Error: Parameter 'match' implicitly has an 'any' type. (js)

            expressionToEval = expressionToEval.replace(/(\d+)!/g, (match, n) => factorial(parseInt(n)));

/home/than/Project/Personal Project/website/zenspace/src/routes/calculator/+page.svelte:98:76
Error: Parameter 'n' implicitly has an 'any' type. (js)

            expressionToEval = expressionToEval.replace(/(\d+)!/g, (match, n) => factorial(parseInt(n)));

/home/than/Project/Personal Project/website/zenspace/src/routes/calculator/+page.svelte:101:69
Error: Parameter 'match' implicitly has an 'any' type. (js)
            const trigRegex = /(asin|acos|atan|sin|cos|tan)\(/g;
            expressionToEval = expressionToEval.replace(trigRegex, (match, func) => {
                if (isDeg && !func.startsWith('a')) return `Math.${func}((Math.PI/180)*`;

/home/than/Project/Personal Project/website/zenspace/src/routes/calculator/+page.svelte:101:76
Error: Parameter 'func' implicitly has an 'any' type. (js)
            const trigRegex = /(asin|acos|atan|sin|cos|tan)\(/g;
            expressionToEval = expressionToEval.replace(trigRegex, (match, func) => {
                if (isDeg && !func.startsWith('a')) return `Math.${func}((Math.PI/180)*`;

/home/than/Project/Personal Project/website/zenspace/src/routes/calculator/+page.svelte:128:24
Error: Parameter 'n' implicitly has an 'any' type. (js)

    function factorial(n) /* @type {any} */ {
        if (n < 0) return NaN;

/home/than/Project/Personal Project/website/zenspace/src/routes/calculator/+page.svelte:137:28
Error: Parameter 'e' implicitly has an 'any' type. (js)

    function handleKeydown(e) /* @type {any} */ {
        const key = e.key;

/home/than/Project/Personal Project/website/zenspace/src/routes/clock/+page.svelte:32:21
Warn: This reference only captures the initial value of `hours`. Did you mean to reference it inside a closure instead?
https://svelte.dev/e/state_referenced_locally (svelte)
        if (!format24h) {
            hours = hours % 12 || 12;
        }

/home/than/Project/Personal Project/website/zenspace/src/routes/clock/+page.svelte:35:17
Warn: This reference only captures the initial value of `hours`. Did you mean to reference it inside a closure instead?
https://svelte.dev/e/state_referenced_locally (svelte)

        hours = hours.toString().padStart(2, '0');
        minutes = minutes.toString().padStart(2, '0');

/home/than/Project/Personal Project/website/zenspace/src/routes/clock/+page.svelte:36:19
Warn: This reference only captures the initial value of `minutes`. Did you mean to reference it inside a closure instead?
https://svelte.dev/e/state_referenced_locally (svelte)
        hours = hours.toString().padStart(2, '0');
        minutes = minutes.toString().padStart(2, '0');
        seconds = seconds.toString().padStart(2, '0');

/home/than/Project/Personal Project/website/zenspace/src/routes/clock/+page.svelte:37:19
Warn: This reference only captures the initial value of `seconds`. Did you mean to reference it inside a closure instead?
https://svelte.dev/e/state_referenced_locally (svelte)
        minutes = minutes.toString().padStart(2, '0');
        seconds = seconds.toString().padStart(2, '0');

/home/than/Project/Personal Project/website/zenspace/src/routes/clock/+page.svelte:39:48
Warn: This reference only captures the initial value of `hours`. Did you mean to reference it inside a closure instead?
https://svelte.dev/e/state_referenced_locally (svelte)

        if (precision === 'h') timeString = `${hours}`;
        else if (precision === 'hm') timeString = `${hours}:${minutes}`;

/home/than/Project/Personal Project/website/zenspace/src/routes/clock/+page.svelte:40:54
Warn: This reference only captures the initial value of `hours`. Did you mean to reference it inside a closure instead?
https://svelte.dev/e/state_referenced_locally (svelte)
        if (precision === 'h') timeString = `${hours}`;
        else if (precision === 'hm') timeString = `${hours}:${minutes}`;
        else timeString = `${hours}:${minutes}:${seconds}`;

/home/than/Project/Personal Project/website/zenspace/src/routes/clock/+page.svelte:40:63
Warn: This reference only captures the initial value of `minutes`. Did you mean to reference it inside a closure instead?
https://svelte.dev/e/state_referenced_locally (svelte)
        if (precision === 'h') timeString = `${hours}`;
        else if (precision === 'hm') timeString = `${hours}:${minutes}`;
        else timeString = `${hours}:${minutes}:${seconds}`;

/home/than/Project/Personal Project/website/zenspace/src/routes/clock/+page.svelte:41:30
Warn: This reference only captures the initial value of `hours`. Did you mean to reference it inside a closure instead?
https://svelte.dev/e/state_referenced_locally (svelte)
        else if (precision === 'hm') timeString = `${hours}:${minutes}`;
        else timeString = `${hours}:${minutes}:${seconds}`;

/home/than/Project/Personal Project/website/zenspace/src/routes/clock/+page.svelte:41:39
Warn: This reference only captures the initial value of `minutes`. Did you mean to reference it inside a closure instead?
https://svelte.dev/e/state_referenced_locally (svelte)
        else if (precision === 'hm') timeString = `${hours}:${minutes}`;
        else timeString = `${hours}:${minutes}:${seconds}`;

/home/than/Project/Personal Project/website/zenspace/src/routes/clock/+page.svelte:41:50
Warn: This reference only captures the initial value of `seconds`. Did you mean to reference it inside a closure instead?
https://svelte.dev/e/state_referenced_locally (svelte)
        else if (precision === 'hm') timeString = `${hours}:${minutes}`;
        else timeString = `${hours}:${minutes}:${seconds}`;

/home/than/Project/Personal Project/website/zenspace/src/routes/clock/+page.svelte:16:9
Warn: `precision` is updated, but is not declared with `$state(...)`. Changing its value will not correctly trigger updates
https://svelte.dev/e/non_reactive_update (svelte)
    let format24h = $state(true);
    let precision = 'hms'; // h, hm, hms
    /** @type {any} */

/home/than/Project/Personal Project/website/zenspace/src/routes/clock/+page.svelte:44:54
Error: No overload matches this call.
  Overload 1 of 3, '(locales?: LocalesArgument, options?: DateTimeFormatOptions | undefined): string', gave the following error.
    Argument of type '{ weekday: string; year: string; month: string; day: string; }' is not assignable to parameter of type 'DateTimeFormatOptions'.
      Types of property 'weekday' are incompatible.
        Type 'string' is not assignable to type '"long" | "short" | "narrow" | undefined'.
  Overload 2 of 3, '(locales?: string | string[] | undefined, options?: DateTimeFormatOptions | undefined): string', gave the following error.
    Argument of type '{ weekday: string; year: string; month: string; day: string; }' is not assignable to parameter of type 'DateTimeFormatOptions'.
      Types of property 'weekday' are incompatible.
        Type 'string' is not assignable to type '"long" | "short" | "narrow" | undefined'. (js)
        const options = { weekday: 'long', year: 'numeric', month: 'long', day: 'numeric' };
        dateString = now.toLocaleDateString('en-US', options).toUpperCase();
    }

/home/than/Project/Personal Project/website/zenspace/src/routes/focus/+page.svelte:157:89
Error: Mixing old (on:input) and new syntaxes for event handling is not allowed. Use only the oninput syntax
https://svelte.dev/e/mixed_event_handler_syntaxes (svelte)
                    <span>🔈</span>
                    <input type="range" min="0" max="1" step="0.01" bind:value={volume} on:input={updateVolume}>
                    <span>🔊</span>

/home/than/Project/Personal Project/website/zenspace/src/routes/focus/+page.svelte:23:9
Error: Variable 'timerInterval' implicitly has type 'any' in some locations where its type cannot be determined. (js)
    let timerLeft = $state(25 * 60);
    let timerInterval;
    let audioCtx;

/home/than/Project/Personal Project/website/zenspace/src/routes/focus/+page.svelte:24:9
Error: Variable 'audioCtx' implicitly has type 'any' in some locations where its type cannot be determined. (js)
    let timerInterval;
    let audioCtx;
    let gainNode;

/home/than/Project/Personal Project/website/zenspace/src/routes/focus/+page.svelte:25:9
Error: Variable 'gainNode' implicitly has type 'any' in some locations where its type cannot be determined. (js)
    let audioCtx;
    let gainNode;
    let noiseSource;

/home/than/Project/Personal Project/website/zenspace/src/routes/focus/+page.svelte:26:9
Error: Variable 'noiseSource' implicitly has type 'any' in some locations where its type cannot be determined. (js)
    let gainNode;
    let noiseSource;
    /** @type {any} */

/home/than/Project/Personal Project/website/zenspace/src/routes/focus/+page.svelte:32:26
Error: Parameter 'type' implicitly has an 'any' type. (js)

    function createNoise(type) /* @type {any} */ {
        if (!audioCtx) audioCtx = new (window.AudioContext || window.webkitAudioContext)();

/home/than/Project/Personal Project/website/zenspace/src/routes/focus/+page.svelte:33:14
Error: Variable 'audioCtx' implicitly has an 'any' type. (js)
    function createNoise(type) /* @type {any} */ {
        if (!audioCtx) audioCtx = new (window.AudioContext || window.webkitAudioContext)();
        if (noiseSource) { try { noiseSource.stop(); } catch(e) {} }

/home/than/Project/Personal Project/website/zenspace/src/routes/focus/+page.svelte:33:70
Error: Property 'webkitAudioContext' does not exist on type 'Window & typeof globalThis'. Did you mean 'AudioContext'? (js)
    function createNoise(type) /* @type {any} */ {
        if (!audioCtx) audioCtx = new (window.AudioContext || window.webkitAudioContext)();
        if (noiseSource) { try { noiseSource.stop(); } catch(e) {} }

/home/than/Project/Personal Project/website/zenspace/src/routes/focus/+page.svelte:34:13
Error: Variable 'noiseSource' implicitly has an 'any' type. (js)
        if (!audioCtx) audioCtx = new (window.AudioContext || window.webkitAudioContext)();
        if (noiseSource) { try { noiseSource.stop(); } catch(e) {} }

/home/than/Project/Personal Project/website/zenspace/src/routes/focus/+page.svelte:64:26
Error: Parameter 'sound' implicitly has an 'any' type. (js)

    function toggleSound(sound) /* @type {any} */ {
        if (activeSound === sound.id) {

/home/than/Project/Personal Project/website/zenspace/src/routes/focus/+page.svelte:66:17
Error: Variable 'noiseSource' implicitly has an 'any' type. (js)
        if (activeSound === sound.id) {
            if (noiseSource) { try { noiseSource.stop(); } catch(e) {} }
            activeSound = null;

/home/than/Project/Personal Project/website/zenspace/src/routes/focus/+page.svelte:75:13
Error: Variable 'gainNode' implicitly has an 'any' type. (js)
    function updateVolume() {
        if (gainNode) gainNode.gain.value = volume;
    }

/home/than/Project/Personal Project/website/zenspace/src/routes/focus/+page.svelte:80:27
Error: Variable 'timerInterval' implicitly has an 'any' type. (js)
        if (timerRunning) {
            clearInterval(timerInterval);
            timerRunning = false;

/home/than/Project/Personal Project/website/zenspace/src/routes/focus/+page.svelte:86:38
Error: Variable 'timerInterval' implicitly has an 'any' type. (js)
                if (timerLeft > 0) timerLeft--;
                else { clearInterval(timerInterval); timerRunning = false; }
            }, 1000);

/home/than/Project/Personal Project/website/zenspace/src/routes/focus/+page.svelte:92:23
Error: Variable 'timerInterval' implicitly has an 'any' type. (js)
    function resetTimer() {
        clearInterval(timerInterval);
        timerRunning = false;

/home/than/Project/Personal Project/website/zenspace/src/routes/focus/+page.svelte:97:23
Error: Parameter 'mins' implicitly has an 'any' type. (js)

    function setTimer(mins) /* @type {any} */ {
        timerMinutes = mins;

/home/than/Project/Personal Project/website/zenspace/src/routes/focus/+page.svelte:99:23
Error: Variable 'timerInterval' implicitly has an 'any' type. (js)
        timerMinutes = mins;
        clearInterval(timerInterval);
        timerRunning = false;

/home/than/Project/Personal Project/website/zenspace/src/routes/focus/+page.svelte:106:23
Error: Variable 'timerInterval' implicitly has an 'any' type. (js)
    onDestroy(() => {
        clearInterval(timerInterval);
        if (noiseSource) { try { noiseSource.stop(); } catch(e) {} }

/home/than/Project/Personal Project/website/zenspace/src/routes/focus/+page.svelte:107:13
Error: Variable 'noiseSource' implicitly has an 'any' type. (js)
        clearInterval(timerInterval);
        if (noiseSource) { try { noiseSource.stop(); } catch(e) {} }
        if (audioCtx) { try { audioCtx.close(); } catch(e) {} }

/home/than/Project/Personal Project/website/zenspace/src/routes/focus/+page.svelte:108:13
Error: Variable 'audioCtx' implicitly has an 'any' type. (js)
        if (noiseSource) { try { noiseSource.stop(); } catch(e) {} }
        if (audioCtx) { try { audioCtx.close(); } catch(e) {} }
    });

/home/than/Project/Personal Project/website/zenspace/src/routes/goal/+page.svelte:23:29
Error: Parameter 'goal' implicitly has an 'any' type. (js)

    function updateProgress(goal, delta) /* @type {any} */ {
        goal.current = Math.max(0, Math.min(goal.target, goal.current + delta));

/home/than/Project/Personal Project/website/zenspace/src/routes/goal/+page.svelte:23:35
Error: Parameter 'delta' implicitly has an 'any' type. (js)

    function updateProgress(goal, delta) /* @type {any} */ {
        goal.current = Math.max(0, Math.min(goal.target, goal.current + delta));

/home/than/Project/Personal Project/website/zenspace/src/routes/goal/+page.svelte:29:26
Error: Parameter 'goal' implicitly has an 'any' type. (js)

    function setProgress(goal, val) /* @type {any} */ {
        goal.current = Math.max(0, Math.min(goal.target, parseFloat(val) || 0));

/home/than/Project/Personal Project/website/zenspace/src/routes/goal/+page.svelte:29:32
Error: Parameter 'val' implicitly has an 'any' type. (js)

    function setProgress(goal, val) /* @type {any} */ {
        goal.current = Math.max(0, Math.min(goal.target, parseFloat(val) || 0));

/home/than/Project/Personal Project/website/zenspace/src/routes/goal/+page.svelte:35:25
Error: Parameter 'id' implicitly has an 'any' type. (js)

    function deleteGoal(id) /* @type {any} */ {
        if (confirm('Delete this goal?')) { goals = goals.filter(g => g.id !== id); save(); }

/home/than/Project/Personal Project/website/zenspace/src/routes/goal/+page.svelte:36:66
Error: Parameter 'g' implicitly has an 'any' type. (js)
    function deleteGoal(id) /* @type {any} */ {
        if (confirm('Delete this goal?')) { goals = goals.filter(g => g.id !== id); save(); }
    }

/home/than/Project/Personal Project/website/zenspace/src/routes/goal/+page.svelte:39:25
Error: Parameter 'goal' implicitly has an 'any' type. (js)

    function getPercent(goal) /* @type {any} */ { return Math.round((goal.current / goal.target) * 100); }

/home/than/Project/Personal Project/website/zenspace/src/routes/goal/+page.svelte:41:23
Error: Parameter 'deadline' implicitly has an 'any' type. (js)

    function daysLeft(deadline) /* @type {any} */ {
        if (!deadline) return null;

/home/than/Project/Personal Project/website/zenspace/src/routes/goal/+page.svelte:43:22
Error: The left-hand side of an arithmetic operation must be of type 'any', 'number', 'bigint' or an enum type. (js)
        if (!deadline) return null;
        const diff = new Date(deadline) - new Date();
        return Math.ceil(diff / (1000 * 60 * 60 * 24));

/home/than/Project/Personal Project/website/zenspace/src/routes/goal/+page.svelte:43:43
Error: The right-hand side of an arithmetic operation must be of type 'any', 'number', 'bigint' or an enum type. (js)
        if (!deadline) return null;
        const diff = new Date(deadline) - new Date();
        return Math.ceil(diff / (1000 * 60 * 60 * 24));

/home/than/Project/Personal Project/website/zenspace/src/routes/goal/+page.svelte:126:68
Error: 'e.target' is possibly 'null'. (js)
                                min="0" max={goal.target}
                                onchange={(e) => setProgress(goal, e.target.value)}
                                style="color: {goal.color}"

/home/than/Project/Personal Project/website/zenspace/src/routes/goal/+page.svelte:126:77
Error: Property 'value' does not exist on type 'EventTarget'. (js)
                                min="0" max={goal.target}
                                onchange={(e) => setProgress(goal, e.target.value)}
                                style="color: {goal.color}"

/home/than/Project/Personal Project/website/zenspace/src/routes/habit/+page.svelte:75:16
Warn: This reference only captures the initial value of `streak`. Did you mean to reference it inside a closure instead?
https://svelte.dev/e/state_referenced_locally (svelte)
        }
        return streak;
    }

/home/than/Project/Personal Project/website/zenspace/src/routes/habit/+page.svelte:48:24
Error: Parameter 'habitId' implicitly has an 'any' type. (js)

    function toggleDay(habitId, dateKey) /* @type {any} */ {
        const habit = habits.find(h => h.id === habitId);

/home/than/Project/Personal Project/website/zenspace/src/routes/habit/+page.svelte:48:33
Error: Parameter 'dateKey' implicitly has an 'any' type. (js)

    function toggleDay(habitId, dateKey) /* @type {any} */ {
        const habit = habits.find(h => h.id === habitId);

/home/than/Project/Personal Project/website/zenspace/src/routes/habit/+page.svelte:49:35
Error: Parameter 'h' implicitly has an 'any' type. (js)
    function toggleDay(habitId, dateKey) /* @type {any} */ {
        const habit = habits.find(h => h.id === habitId);
        if (habit.completedDays[dateKey]) {

/home/than/Project/Personal Project/website/zenspace/src/routes/habit/+page.svelte:59:26
Error: Parameter 'id' implicitly has an 'any' type. (js)

    function deleteHabit(id) /* @type {any} */ {
        habits = habits.filter(h => h.id !== id);

/home/than/Project/Personal Project/website/zenspace/src/routes/habit/+page.svelte:60:32
Error: Parameter 'h' implicitly has an 'any' type. (js)
    function deleteHabit(id) /* @type {any} */ {
        habits = habits.filter(h => h.id !== id);
        save();

/home/than/Project/Personal Project/website/zenspace/src/routes/habit/+page.svelte:64:24
Error: Parameter 'habit' implicitly has an 'any' type. (js)

    function getStreak(habit) /* @type {any} */ {
        /** @type {any} */

/home/than/Project/Personal Project/website/zenspace/src/routes/habit/+page.svelte:78:22
Error: Parameter 'dateKey' implicitly has an 'any' type. (js)

    function isToday(dateKey) /* @type {any} */ {
        return dateKey === getTodayKey();

/home/than/Project/Personal Project/website/zenspace/src/routes/journal/+page.svelte:25:25
Error: Parameter 'iso' implicitly has an 'any' type. (js)

    function formatDate(iso) /* @type {any} */ {
        return new Date(iso).toLocaleDateString('en-US', { weekday: 'long', year: 'numeric', month: 'long', day: 'numeric' });

/home/than/Project/Personal Project/website/zenspace/src/routes/journal/+page.svelte:41:24
Error: Parameter 'entry' implicitly has an 'any' type. (js)

    function openEntry(entry) /* @type {any} */ {
        activeEntry = entry;

/home/than/Project/Personal Project/website/zenspace/src/routes/journal/+page.svelte:81:34
Error: Parameter 'e' implicitly has an 'any' type. (js)
        if (!confirm('Delete this entry?')) return;
        entries = entries.filter(e => e.id !== activeEntry.id);
        activeEntry = null;

/home/than/Project/Personal Project/website/zenspace/src/routes/journal/+page.svelte:87:22
Error: Parameter 'mood' implicitly has an 'any' type. (js)

    function setMood(mood) /* @type {any} */ {
        editMood = editMood === mood ? '' : mood;

/home/than/Project/Personal Project/website/zenspace/src/routes/notepad/+page.svelte:120:21
Error: Mixing old (on:dblclick) and new syntaxes for event handling is not allowed. Use only the ondblclick syntax
https://svelte.dev/e/mixed_event_handler_syntaxes (svelte)
                    onclick={() => { activeTabId = tab.id; setTimeout(updateStats, 10); }}
                    on:dblclick={() => renameTab(tab.id)}
                >

/home/than/Project/Personal Project/website/zenspace/src/routes/notepad/+page.svelte:18:9
Error: Variable 'textareaElement' implicitly has type 'any' in some locations where its type cannot be determined. (js)
    let colCount = $state(1);
    let textareaElement;

/home/than/Project/Personal Project/website/zenspace/src/routes/notepad/+page.svelte:21:40
Error: Parameter 't' implicitly has an 'any' type. (js)
    // Derived value for current tab content
    let activeTab = $derived(tabs.find(t => t.id === activeTabId) || tabs[0]);

/home/than/Project/Personal Project/website/zenspace/src/routes/notepad/+page.svelte:32:13
Error: Variable 'textareaElement' implicitly has an 'any' type. (js)
        // Line and Col
        if (textareaElement) {
            const cursorPosition = textareaElement.selectionStart;

/home/than/Project/Personal Project/website/zenspace/src/routes/notepad/+page.svelte:58:23
Error: Parameter 'id' implicitly has an 'any' type. (js)

    function closeTab(id) /* @type {any} */ {
        if (tabs.length === 1) {

/home/than/Project/Personal Project/website/zenspace/src/routes/notepad/+page.svelte:63:32
Error: Parameter 't' implicitly has an 'any' type. (js)
        } else {
            tabs = tabs.filter(t => t.id !== id);
            if (activeTabId === id) {

/home/than/Project/Personal Project/website/zenspace/src/routes/notepad/+page.svelte:71:24
Error: Parameter 'id' implicitly has an 'any' type. (js)

    function renameTab(id) /* @type {any} */ {
        const tab = tabs.find(t => t.id === id);

/home/than/Project/Personal Project/website/zenspace/src/routes/notepad/+page.svelte:72:31
Error: Parameter 't' implicitly has an 'any' type. (js)
    function renameTab(id) /* @type {any} */ {
        const tab = tabs.find(t => t.id === id);
        const newName = prompt('New name:', tab.name);

/home/than/Project/Personal Project/website/zenspace/src/routes/notepad/+page.svelte:99:32
Error: Parameter 't' implicitly has an 'any' type. (js)
                
                if (!tabs.find(t => t.id === activeTabId)) {
                    activeTabId = tabs[0].id;

/home/than/Project/Personal Project/website/zenspace/src/routes/pomodoro/+page.svelte:17:9
Error: Variable 'timerInterval' implicitly has type 'any' in some locations where its type cannot be determined. (js)
    let isRunning = $state(false);
    let timerInterval;

/home/than/Project/Personal Project/website/zenspace/src/routes/pomodoro/+page.svelte:22:45
Error: 'currentMode' is possibly 'undefined'. (js)
    let seconds = $derived((timeLeft % 60).toString().padStart(2, '0'));
    let progress = $derived(1 - (timeLeft / currentMode.time));

/home/than/Project/Personal Project/website/zenspace/src/routes/pomodoro/+page.svelte:24:22
Error: Parameter 'id' implicitly has an 'any' type. (js)
    
    function setMode(id) /* @type {any} */ {
        currentModeId = id;

/home/than/Project/Personal Project/website/zenspace/src/routes/pomodoro/+page.svelte:26:20
Error: Object is possibly 'undefined'. (js)
        currentModeId = id;
        timeLeft = modes.find(m => m.id === id).time;
        isRunning = false;

/home/than/Project/Personal Project/website/zenspace/src/routes/pomodoro/+page.svelte:28:23
Error: Variable 'timerInterval' implicitly has an 'any' type. (js)
        isRunning = false;
        clearInterval(timerInterval);
    }

/home/than/Project/Personal Project/website/zenspace/src/routes/pomodoro/+page.svelte:33:27
Error: Variable 'timerInterval' implicitly has an 'any' type. (js)
        if (isRunning) {
            clearInterval(timerInterval);
            isRunning = false;

/home/than/Project/Personal Project/website/zenspace/src/routes/pomodoro/+page.svelte:41:35
Error: Variable 'timerInterval' implicitly has an 'any' type. (js)
                } else {
                    clearInterval(timerInterval);
                    isRunning = false;

/home/than/Project/Personal Project/website/zenspace/src/routes/pomodoro/+page.svelte:50:23
Error: Variable 'timerInterval' implicitly has an 'any' type. (js)
    function resetTimer() {
        clearInterval(timerInterval);
        isRunning = false;

/home/than/Project/Personal Project/website/zenspace/src/routes/pomodoro/+page.svelte:52:20
Error: 'currentMode' is possibly 'undefined'. (js)
        isRunning = false;
        timeLeft = currentMode.time;
    }

/home/than/Project/Personal Project/website/zenspace/src/routes/pomodoro/+page.svelte:63:23
Error: Variable 'timerInterval' implicitly has an 'any' type. (js)
    onDestroy(() => {
        clearInterval(timerInterval);
    });

/home/than/Project/Personal Project/website/zenspace/src/routes/stressing/button/+page.svelte:81:17
Error: Mixing old (on:click) and new syntaxes for event handling is not allowed. Use only the onclick syntax
https://svelte.dev/e/mixed_event_handler_syntaxes (svelte)
                style="background: {buttonColor}; box-shadow: 0 0 {combo * 3}px {buttonColor}"
                on:click|stopPropagation={handleClick}
            >

/home/than/Project/Personal Project/website/zenspace/src/routes/stressing/button/+page.svelte:10:9
Error: Variable 'comboTimeout' implicitly has type 'any' in some locations where its type cannot be determined. (js)
    let lastClickTime = $state(0);
    let comboTimeout;
    /** @type {any} */

/home/than/Project/Personal Project/website/zenspace/src/routes/stressing/button/+page.svelte:16:26
Error: Parameter 'e' implicitly has an 'any' type. (js)

    function handleClick(e) /* @type {any} */ {
        count++;

/home/than/Project/Personal Project/website/zenspace/src/routes/stressing/button/+page.svelte:28:53
Error: Parameter 'r' implicitly has an 'any' type. (js)
        ripples = [...ripples, { id, x, y }];
        setTimeout(() => { ripples = ripples.filter(r => r.id !== id); }, 600);

/home/than/Project/Personal Project/website/zenspace/src/routes/stressing/button/+page.svelte:31:22
Error: Variable 'comboTimeout' implicitly has an 'any' type. (js)
        // Combo reset timer
        clearTimeout(comboTimeout);
        comboTimeout = setTimeout(() => { combo = 0; }, 1000);

/home/than/Project/Personal Project/website/zenspace/src/routes/stressing/popup/+page.svelte:81:5
Error: Mixing old (on:mousemove) and new syntaxes for event handling is not allowed. Use only the onmousemove syntax
https://svelte.dev/e/mixed_event_handler_syntaxes (svelte)
    role="application"
    on:mousemove={onMouseMove}
    on:mouseup={onMouseUp}

/home/than/Project/Personal Project/website/zenspace/src/routes/stressing/popup/+page.svelte:10:9
Error: Variable 'spawnInterval' implicitly has type 'any' in some locations where its type cannot be determined. (js)
    let autoSpawn = $state(false);
    let spawnInterval;

/home/than/Project/Personal Project/website/zenspace/src/routes/stressing/popup/+page.svelte:33:25
Error: Parameter 'id' implicitly has an 'any' type. (js)

    function closePopup(id) /* @type {any} */ {
        popups = popups.filter(p => p.id !== id);

/home/than/Project/Personal Project/website/zenspace/src/routes/stressing/popup/+page.svelte:34:32
Error: Parameter 'p' implicitly has an 'any' type. (js)
    function closePopup(id) /* @type {any} */ {
        popups = popups.filter(p => p.id !== id);
        closedCount++;

/home/than/Project/Personal Project/website/zenspace/src/routes/stressing/popup/+page.svelte:48:27
Error: Variable 'spawnInterval' implicitly has an 'any' type. (js)
        } else {
            clearInterval(spawnInterval);
        }

/home/than/Project/Personal Project/website/zenspace/src/routes/stressing/popup/+page.svelte:52:24
Error: Parameter 'e' implicitly has an 'any' type. (js)

    function startDrag(e, popup) /* @type {any} */ {
        popup.isDragging = true;

/home/than/Project/Personal Project/website/zenspace/src/routes/stressing/popup/+page.svelte:52:27
Error: Parameter 'popup' implicitly has an 'any' type. (js)

    function startDrag(e, popup) /* @type {any} */ {
        popup.isDragging = true;

/home/than/Project/Personal Project/website/zenspace/src/routes/stressing/popup/+page.svelte:58:26
Error: Parameter 'e' implicitly has an 'any' type. (js)

    function onMouseMove(e) /* @type {any} */ {
        popups = popups.map(p => {

/home/than/Project/Personal Project/website/zenspace/src/routes/stressing/popup/+page.svelte:59:29
Error: Parameter 'p' implicitly has an 'any' type. (js)
    function onMouseMove(e) /* @type {any} */ {
        popups = popups.map(p => {
            if (p.isDragging) {

/home/than/Project/Personal Project/website/zenspace/src/routes/stressing/popup/+page.svelte:68:29
Error: Parameter 'p' implicitly has an 'any' type. (js)
    function onMouseUp() {
        popups = popups.map(p => ({ ...p, isDragging: false }));
    }

/home/than/Project/Personal Project/website/zenspace/src/routes/stressing/popup/+page.svelte:72:35
Error: Variable 'spawnInterval' implicitly has an 'any' type. (js)
    import { onDestroy } from 'svelte';
    onDestroy(() => clearInterval(spawnInterval));
</script>

/home/than/Project/Personal Project/website/zenspace/src/routes/todo/+page.svelte:136:25
Error: Mixing old (on:blur) and new syntaxes for event handling is not allowed. Use only the onblur syntax
https://svelte.dev/e/mixed_event_handler_syntaxes (svelte)
                        bind:value={newBoardTitle}
                        on:blur={() => { if(!newBoardTitle) isAddingBoard = false; }}
                    >

/home/than/Project/Personal Project/website/zenspace/src/routes/todo/+page.svelte:16:25
Error: Parameter 'node' implicitly has an 'any' type. (js)
    // Helper to auto-focus inputs when shown
    function focusInput(node) /* @type {any} */ {
        node.focus();

/home/than/Project/Personal Project/website/zenspace/src/routes/todo/+page.svelte:33:13
Error: Type '{ id: number; title: string; tasks: { id: number; text: string; completed: boolean; }[]; } | { id: number; title: any; tasks: never[]; newTaskText: string; }' is not assignable to type '{ id: number; title: string; tasks: { id: number; text: string; completed: boolean; }[]; }'.
  Object literal may only specify known properties, and 'newTaskText' does not exist in type '{ id: number; title: string; tasks: { id: number; text: string; completed: boolean; }[]; }'. (js)
            tasks: [],
            newTaskText: ''
        }];

/home/than/Project/Personal Project/website/zenspace/src/routes/todo/+page.svelte:33:13
Error: Object literal may only specify known properties, and 'newTaskText' does not exist in type '{ id: number; title: string; tasks: { id: number; text: string; completed: boolean; }[]; }'. (js)
            tasks: [],
            newTaskText: ''
        }];

/home/than/Project/Personal Project/website/zenspace/src/routes/todo/+page.svelte:40:26
Error: Parameter 'id' implicitly has an 'any' type. (js)

    function deleteBoard(id) /* @type {any} */ {
        if (confirm('Delete this board?')) {

/home/than/Project/Personal Project/website/zenspace/src/routes/todo/+page.svelte:47:22
Error: Parameter 'boardId' implicitly has an 'any' type. (js)

    function addTask(boardId, e) /* @type {any} */ {
        const board = boards.find(b => b.id === boardId);

/home/than/Project/Personal Project/website/zenspace/src/routes/todo/+page.svelte:47:31
Error: Parameter 'e' implicitly has an 'any' type. (js)

    function addTask(boardId, e) /* @type {any} */ {
        const board = boards.find(b => b.id === boardId);

/home/than/Project/Personal Project/website/zenspace/src/routes/todo/+page.svelte:49:14
Error: 'board' is possibly 'undefined'. (js)
        const board = boards.find(b => b.id === boardId);
        if (!board.newTaskText || !board.newTaskText.trim()) return;

/home/than/Project/Personal Project/website/zenspace/src/routes/todo/+page.svelte:49:20
Error: Property 'newTaskText' does not exist on type '{ id: number; title: string; tasks: { id: number; text: string; completed: boolean; }[]; }'. (js)
        const board = boards.find(b => b.id === boardId);
        if (!board.newTaskText || !board.newTaskText.trim()) return;

/home/than/Project/Personal Project/website/zenspace/src/routes/todo/+page.svelte:49:36
Error: 'board' is possibly 'undefined'. (js)
        const board = boards.find(b => b.id === boardId);
        if (!board.newTaskText || !board.newTaskText.trim()) return;

/home/than/Project/Personal Project/website/zenspace/src/routes/todo/+page.svelte:49:42
Error: Property 'newTaskText' does not exist on type '{ id: number; title: string; tasks: { id: number; text: string; completed: boolean; }[]; }'. (js)
        const board = boards.find(b => b.id === boardId);
        if (!board.newTaskText || !board.newTaskText.trim()) return;

/home/than/Project/Personal Project/website/zenspace/src/routes/todo/+page.svelte:51:9
Error: 'board' is possibly 'undefined'. (js)

        board.tasks = [...board.tasks, {
            id: Date.now(),

/home/than/Project/Personal Project/website/zenspace/src/routes/todo/+page.svelte:51:27
Error: 'board' is possibly 'undefined'. (js)

        board.tasks = [...board.tasks, {
            id: Date.now(),

/home/than/Project/Personal Project/website/zenspace/src/routes/todo/+page.svelte:53:19
Error: 'board' is possibly 'undefined'. (js)
            id: Date.now(),
            text: board.newTaskText.trim(),
            completed: false

/home/than/Project/Personal Project/website/zenspace/src/routes/todo/+page.svelte:53:25
Error: Property 'newTaskText' does not exist on type '{ id: number; title: string; tasks: { id: number; text: string; completed: boolean; }[]; }'. (js)
            id: Date.now(),
            text: board.newTaskText.trim(),
            completed: false

/home/than/Project/Personal Project/website/zenspace/src/routes/todo/+page.svelte:56:9
Error: 'board' is possibly 'undefined'. (js)
        }];
        board.newTaskText = '';
        boards = [...boards];

/home/than/Project/Personal Project/website/zenspace/src/routes/todo/+page.svelte:56:15
Error: Property 'newTaskText' does not exist on type '{ id: number; title: string; tasks: { id: number; text: string; completed: boolean; }[]; }'. (js)
        }];
        board.newTaskText = '';
        boards = [...boards];

/home/than/Project/Personal Project/website/zenspace/src/routes/todo/+page.svelte:61:25
Error: Parameter 'boardId' implicitly has an 'any' type. (js)

    function toggleTask(boardId, taskId) /* @type {any} */ {
        const board = boards.find(b => b.id === boardId);

/home/than/Project/Personal Project/website/zenspace/src/routes/todo/+page.svelte:61:34
Error: Parameter 'taskId' implicitly has an 'any' type. (js)

    function toggleTask(boardId, taskId) /* @type {any} */ {
        const board = boards.find(b => b.id === boardId);

/home/than/Project/Personal Project/website/zenspace/src/routes/todo/+page.svelte:63:22
Error: 'board' is possibly 'undefined'. (js)
        const board = boards.find(b => b.id === boardId);
        const task = board.tasks.find(t => t.id === taskId);
        task.completed = !task.completed;

/home/than/Project/Personal Project/website/zenspace/src/routes/todo/+page.svelte:64:9
Error: 'task' is possibly 'undefined'. (js)
        const task = board.tasks.find(t => t.id === taskId);
        task.completed = !task.completed;
        boards = [...boards];

/home/than/Project/Personal Project/website/zenspace/src/routes/todo/+page.svelte:64:27
Error: 'task' is possibly 'undefined'. (js)
        const task = board.tasks.find(t => t.id === taskId);
        task.completed = !task.completed;
        boards = [...boards];

/home/than/Project/Personal Project/website/zenspace/src/routes/todo/+page.svelte:69:25
Error: Parameter 'boardId' implicitly has an 'any' type. (js)

    function deleteTask(boardId, taskId) /* @type {any} */ {
        const board = boards.find(b => b.id === boardId);

/home/than/Project/Personal Project/website/zenspace/src/routes/todo/+page.svelte:69:34
Error: Parameter 'taskId' implicitly has an 'any' type. (js)

    function deleteTask(boardId, taskId) /* @type {any} */ {
        const board = boards.find(b => b.id === boardId);

/home/than/Project/Personal Project/website/zenspace/src/routes/todo/+page.svelte:71:9
Error: 'board' is possibly 'undefined'. (js)
        const board = boards.find(b => b.id === boardId);
        board.tasks = board.tasks.filter(t => t.id !== taskId);
        boards = [...boards];

/home/than/Project/Personal Project/website/zenspace/src/routes/todo/+page.svelte:71:23
Error: 'board' is possibly 'undefined'. (js)
        const board = boards.find(b => b.id === boardId);
        board.tasks = board.tasks.filter(t => t.id !== taskId);
        boards = [...boards];

/home/than/Project/Personal Project/website/zenspace/src/routes/todo/+page.svelte:82:45
Error: Property 'newTaskText' does not exist on type '{ id: number; title: string; tasks: { id: number; text: string; completed: boolean; }[]; }'. (js)
                // Ensure legacy boards have newTaskText
                boards.forEach(b => { if (b.newTaskText === undefined) b.newTaskText = ''; });
            } catch(e) {}

/home/than/Project/Personal Project/website/zenspace/src/routes/todo/+page.svelte:82:74
Error: Property 'newTaskText' does not exist on type '{ id: number; title: string; tasks: { id: number; text: string; completed: boolean; }[]; }'. (js)
                // Ensure legacy boards have newTaskText
                boards.forEach(b => { if (b.newTaskText === undefined) b.newTaskText = ''; });
            } catch(e) {}

/home/than/Project/Personal Project/website/zenspace/src/routes/todo/+page.svelte:115:85
Error: Parameter 'e' implicitly has an 'any' type. (js)

                <form class="add-task-form" onsubmit={(e) => { e.preventDefault(); (e) => addTask(board.id, e); }}>
                    <input

/home/than/Project/Personal Project/website/zenspace/src/routes/todo/+page.svelte:120:43
Error: Property 'newTaskText' does not exist on type '{ id: number; title: string; tasks: { id: number; text: string; completed: boolean; }[]; }'. (js)
                        placeholder="Add a task..." 
                        bind:value={board.newTaskText}
                    >

/home/than/Project/Personal Project/website/zenspace/src/routes/weekly/+page.svelte:161:25
Warn: Unused CSS selector "input[type="number"]"
https://svelte.dev/e/css_unused_selector (svelte)

    input[type="text"], input[type="number"], select {
        background: rgba(255,255,255,0.07);

/home/than/Project/Personal Project/website/zenspace/src/routes/weekly/+page.svelte:30:26
Error: Parameter 'key' implicitly has an 'any' type. (js)

    function deleteEvent(key, id) /* @type {any} */ {
        events[key] = events[key].filter(e => e.id !== id);

/home/than/Project/Personal Project/website/zenspace/src/routes/weekly/+page.svelte:30:31
Error: Parameter 'id' implicitly has an 'any' type. (js)

    function deleteEvent(key, id) /* @type {any} */ {
        events[key] = events[key].filter(e => e.id !== id);

/home/than/Project/Personal Project/website/zenspace/src/routes/weekly/+page.svelte:31:42
Error: Parameter 'e' implicitly has an 'any' type. (js)
    function deleteEvent(key, id) /* @type {any} */ {
        events[key] = events[key].filter(e => e.id !== id);
        if (events[key].length === 0) delete events[key];

/home/than/Project/Personal Project/website/zenspace/src/routes/weekly/+page.svelte:37:31
Error: Parameter 'day' implicitly has an 'any' type. (js)

    function getEventsForSlot(day, hour) /* @type {any} */ {
        return events[`${day}-${hour}`] || [];

/home/than/Project/Personal Project/website/zenspace/src/routes/weekly/+page.svelte:37:36
Error: Parameter 'hour' implicitly has an 'any' type. (js)

    function getEventsForSlot(day, hour) /* @type {any} */ {
        return events[`${day}-${hour}`] || [];

====================================
svelte-check found 155 errors and 15 warnings in 18 files
